Command return code: 0
=== STDOUT ===
(empty)

=== STDERR ===

Recognizing Layout:   0%|          | 0/1 [00:00<?, ?it/s]
Recognizing Layout: 100%|##########| 1/1 [00:11<00:00, 11.70s/it]
Recognizing Layout: 100%|##########| 1/1 [00:11<00:00, 11.70s/it]

Running OCR Error Detection:   0%|          | 0/1 [00:00<?, ?it/s]
Running OCR Error Detection: 100%|##########| 1/1 [00:00<00:00,  7.65it/s]
Running OCR Error Detection: 100%|##########| 1/1 [00:00<00:00,  7.65it/s]

Detecting bboxes:   0%|          | 0/1 [00:00<?, ?it/s]
Detecting bboxes: 100%|##########| 1/1 [00:01<00:00,  1.28s/it]
Detecting bboxes: 100%|##########| 1/1 [00:01<00:00,  1.28s/it]

Recognizing Text:   0%|          | 0/24 [00:00<?, ?it/s]
Recognizing Text:   4%|4         | 1/24 [00:38<14:38, 38.18s/it]
Recognizing Text:   8%|8         | 2/24 [00:40<06:21, 17.34s/it]
Recognizing Text:  12%|#2        | 3/24 [00:42<03:30, 10.02s/it]
Recognizing Text:  17%|#6        | 4/24 [00:42<02:06,  6.31s/it]
Recognizing Text:  42%|####1     | 10/24 [00:43<00:21,  1.53s/it]
Recognizing Text:  50%|#####     | 12/24 [00:44<00:14,  1.21s/it]
Recognizing Text:  62%|######2   | 15/24 [00:44<00:07,  1.18it/s]
Recognizing Text:  67%|######6   | 16/24 [00:45<00:06,  1.22it/s]
Recognizing Text:  71%|#######   | 17/24 [00:46<00:05,  1.26it/s]
Recognizing Text:  75%|#######5  | 18/24 [00:52<00:11,  1.96s/it]
Recognizing Text:  79%|#######9  | 19/24 [00:55<00:10,  2.10s/it]
Recognizing Text:  83%|########3 | 20/24 [00:58<00:08,  2.22s/it]
Recognizing Text:  88%|########7 | 21/24 [01:01<00:07,  2.48s/it]
Recognizing Text:  92%|#########1| 22/24 [01:03<00:04,  2.35s/it]
Recognizing Text:  96%|#########5| 23/24 [01:07<00:02,  2.81s/it]
Recognizing Text: 100%|##########| 24/24 [03:49<00:00, 48.04s/it]
Recognizing Text: 100%|##########| 24/24 [03:49<00:00,  9.57s/it]

Recognizing tables:   0%|          | 0/1 [00:00<?, ?it/s]
Recognizing tables: 100%|##########| 1/1 [00:03<00:00,  3.31s/it]
Recognizing tables: 100%|##########| 1/1 [00:03<00:00,  3.31s/it]

Detecting bboxes:   0%|          | 0/1 [00:00<?, ?it/s]
Detecting bboxes: 100%|##########| 1/1 [00:01<00:00,  1.80s/it]
Detecting bboxes: 100%|##########| 1/1 [00:01<00:00,  1.80s/it]

Recognizing Text:   0%|          | 0/122 [00:00<?, ?it/s]
Recognizing Text:   1%|          | 1/122 [00:15<30:47, 15.27s/it]
Recognizing Text:   3%|3         | 4/122 [00:17<06:41,  3.40s/it]
Recognizing Text:   4%|4         | 5/122 [00:19<06:08,  3.15s/it]
Recognizing Text:   6%|5         | 7/122 [00:20<03:38,  1.90s/it]
Recognizing Text:   7%|7         | 9/122 [00:22<03:04,  1.64s/it]
Recognizing Text:   9%|9         | 11/122 [00:23<02:08,  1.16s/it]
Recognizing Text:  11%|#         | 13/122 [00:23<01:35,  1.14it/s]
Recognizing Text:  16%|#5        | 19/122 [00:27<01:07,  1.53it/s]
Recognizing Text:  16%|#6        | 20/122 [00:28<01:14,  1.37it/s]
Recognizing Text:  25%|##4       | 30/122 [00:32<00:46,  1.97it/s]
Recognizing Text:  26%|##6       | 32/122 [00:32<00:42,  2.10it/s]
Recognizing Text:  36%|###6      | 44/122 [00:36<00:29,  2.66it/s]
Recognizing Text:  38%|###7      | 46/122 [00:36<00:27,  2.73it/s]
Recognizing Text:  45%|####5     | 55/122 [00:39<00:23,  2.87it/s]
Recognizing Text:  48%|####7     | 58/122 [00:40<00:20,  3.08it/s]
Recognizing Text:  59%|#####9    | 72/122 [00:45<00:16,  3.06it/s]
Recognizing Text:  61%|######    | 74/122 [00:45<00:15,  3.07it/s]
Recognizing Text:  67%|######7   | 82/122 [00:48<00:13,  3.01it/s]
Recognizing Text:  68%|######8   | 83/122 [00:49<00:13,  2.87it/s]
Recognizing Text:  84%|########3 | 102/122 [00:52<00:04,  4.19it/s]
Recognizing Text:  92%|#########1| 112/122 [00:52<00:01,  5.48it/s]
Recognizing Text:  99%|#########9| 121/122 [00:54<00:00,  5.94it/s]
Recognizing Text: 100%|##########| 122/122 [00:54<00:00,  5.31it/s]
Recognizing Text: 100%|##########| 122/122 [00:54<00:00,  2.23it/s]
2025-11-12 10:41:12,616 [INFO] marker: Saved markdown to src\data\markdown\page_26
2025-11-12 10:41:12,622 [INFO] marker: Total time: 303.8835115432739
