Command return code: 0
=== STDOUT ===
(empty)

=== STDERR ===

Recognizing Layout:   0%|          | 0/1 [00:00<?, ?it/s]
Recognizing Layout: 100%|##########| 1/1 [00:01<00:00,  1.29s/it]
Recognizing Layout: 100%|##########| 1/1 [00:01<00:00,  1.30s/it]

Running OCR Error Detection:   0%|          | 0/1 [00:00<?, ?it/s]
Running OCR Error Detection: 100%|##########| 1/1 [00:00<00:00,  9.67it/s]
Running OCR Error Detection: 100%|##########| 1/1 [00:00<00:00,  9.67it/s]

Detecting bboxes:   0%|          | 0/1 [00:00<?, ?it/s]
Detecting bboxes: 100%|##########| 1/1 [00:00<00:00,  3.15it/s]
Detecting bboxes: 100%|##########| 1/1 [00:00<00:00,  3.15it/s]

Recognizing Text:   0%|          | 0/3 [00:00<?, ?it/s]
Recognizing Text:  33%|###3      | 1/3 [00:00<00:00,  5.62it/s]
Recognizing Text:  67%|######6   | 2/3 [00:00<00:00,  3.43it/s]
Recognizing Text: 100%|##########| 3/3 [00:00<00:00,  4.58it/s]
Recognizing Text: 100%|##########| 3/3 [00:00<00:00,  4.41it/s]

Recognizing tables:   0%|          | 0/1 [00:00<?, ?it/s]
Recognizing tables: 100%|##########| 1/1 [00:00<00:00,  3.86it/s]
Recognizing tables: 100%|##########| 1/1 [00:00<00:00,  3.86it/s]

Detecting bboxes:   0%|          | 0/1 [00:00<?, ?it/s]
Detecting bboxes: 100%|##########| 1/1 [00:00<00:00,  6.24it/s]
Detecting bboxes: 100%|##########| 1/1 [00:00<00:00,  6.24it/s]

Recognizing Text:   0%|          | 0/10 [00:00<?, ?it/s]
Recognizing Text:  10%|#         | 1/10 [00:00<00:05,  1.52it/s]
Recognizing Text:  40%|####      | 4/10 [00:00<00:01,  5.03it/s]
Recognizing Text:  50%|#####     | 5/10 [00:01<00:00,  5.68it/s]
Recognizing Text:  80%|########  | 8/10 [00:01<00:00,  8.57it/s]
Recognizing Text: 100%|##########| 10/10 [00:04<00:00,  1.40it/s]
Recognizing Text: 100%|##########| 10/10 [00:04<00:00,  2.01it/s]
2025-11-14 13:14:24,726 [INFO] marker: Saved markdown to src\data\markdown\page_168
2025-11-14 13:14:24,726 [INFO] marker: Total time: 8.021705389022827
