Command return code: 0
=== STDOUT ===
(empty)

=== STDERR ===

Recognizing Layout:   0%|          | 0/1 [00:00<?, ?it/s]
Recognizing Layout: 100%|##########| 1/1 [00:01<00:00,  1.31s/it]
Recognizing Layout: 100%|##########| 1/1 [00:01<00:00,  1.31s/it]

Running OCR Error Detection:   0%|          | 0/1 [00:00<?, ?it/s]
Running OCR Error Detection: 100%|##########| 1/1 [00:00<00:00,  8.66it/s]
Running OCR Error Detection: 100%|##########| 1/1 [00:00<00:00,  8.59it/s]

Detecting bboxes:   0%|          | 0/1 [00:00<?, ?it/s]
Detecting bboxes: 100%|##########| 1/1 [00:00<00:00,  2.66it/s]
Detecting bboxes: 100%|##########| 1/1 [00:00<00:00,  2.66it/s]

Recognizing Text:   0%|          | 0/2 [00:00<?, ?it/s]
Recognizing Text:  50%|#####     | 1/2 [00:00<00:00,  1.25it/s]
Recognizing Text: 100%|##########| 2/2 [00:02<00:00,  1.12s/it]
Recognizing Text: 100%|##########| 2/2 [00:02<00:00,  1.07s/it]

Detecting bboxes: 0it [00:00, ?it/s]
Detecting bboxes: 0it [00:00, ?it/s]
2025-11-12 15:30:07,552 [INFO] marker: Saved markdown to src\data\markdown\page_122
2025-11-12 15:30:07,552 [INFO] marker: Total time: 4.253751993179321
