Command return code: 0
=== STDOUT ===
(empty)

=== STDERR ===

Recognizing Layout:   0%|          | 0/1 [00:00<?, ?it/s]
Recognizing Layout: 100%|##########| 1/1 [00:01<00:00,  1.03s/it]
Recognizing Layout: 100%|##########| 1/1 [00:01<00:00,  1.03s/it]

Running OCR Error Detection:   0%|          | 0/1 [00:00<?, ?it/s]
Running OCR Error Detection: 100%|##########| 1/1 [00:00<00:00, 21.38it/s]

Detecting bboxes:   0%|          | 0/1 [00:00<?, ?it/s]
Detecting bboxes: 100%|##########| 1/1 [00:00<00:00,  2.94it/s]
Detecting bboxes: 100%|##########| 1/1 [00:00<00:00,  2.94it/s]

Recognizing Text:   0%|          | 0/28 [00:00<?, ?it/s]
Recognizing Text:   4%|3         | 1/28 [00:01<00:43,  1.62s/it]
Recognizing Text:   7%|7         | 2/28 [00:01<00:20,  1.30it/s]
Recognizing Text:  11%|#         | 3/28 [00:01<00:12,  2.00it/s]
Recognizing Text:  21%|##1       | 6/28 [00:02<00:04,  4.80it/s]
Recognizing Text:  46%|####6     | 13/28 [00:02<00:01, 12.16it/s]
Recognizing Text:  64%|######4   | 18/28 [00:02<00:00, 15.94it/s]
Recognizing Text:  75%|#######5  | 21/28 [00:02<00:00, 16.28it/s]
Recognizing Text:  86%|########5 | 24/28 [00:09<00:02,  1.49it/s]
Recognizing Text:  93%|#########2| 26/28 [00:09<00:01,  1.81it/s]
Recognizing Text: 100%|##########| 28/28 [00:09<00:00,  2.24it/s]
Recognizing Text: 100%|##########| 28/28 [00:09<00:00,  2.82it/s]

Detecting bboxes: 0it [00:00, ?it/s]
Detecting bboxes: 0it [00:00, ?it/s]
2025-11-12 15:08:13,828 [INFO] marker: Saved markdown to src\data\markdown\page_63
2025-11-12 15:08:13,828 [INFO] marker: Total time: 11.913150787353516
