Command return code: 0
=== STDOUT ===
(empty)

=== STDERR ===

Recognizing Layout:   0%|          | 0/1 [00:00<?, ?it/s]
Recognizing Layout: 100%|##########| 1/1 [00:00<00:00,  1.04it/s]
Recognizing Layout: 100%|##########| 1/1 [00:00<00:00,  1.04it/s]

Running OCR Error Detection:   0%|          | 0/1 [00:00<?, ?it/s]
Running OCR Error Detection: 100%|##########| 1/1 [00:00<00:00, 20.41it/s]

Detecting bboxes:   0%|          | 0/1 [00:00<?, ?it/s]
Detecting bboxes: 100%|##########| 1/1 [00:00<00:00,  3.83it/s]
Detecting bboxes: 100%|##########| 1/1 [00:00<00:00,  3.83it/s]

Recognizing Text:   0%|          | 0/3 [00:00<?, ?it/s]
Recognizing Text:  33%|###3      | 1/3 [00:00<00:00,  6.52it/s]
Recognizing Text:  67%|######6   | 2/3 [00:00<00:00,  3.41it/s]
Recognizing Text: 100%|##########| 3/3 [00:00<00:00,  4.54it/s]
Recognizing Text: 100%|##########| 3/3 [00:00<00:00,  4.43it/s]

Recognizing tables:   0%|          | 0/1 [00:00<?, ?it/s]
Recognizing tables: 100%|##########| 1/1 [00:00<00:00,  2.95it/s]
Recognizing tables: 100%|##########| 1/1 [00:00<00:00,  2.95it/s]

Detecting bboxes:   0%|          | 0/1 [00:00<?, ?it/s]
Detecting bboxes: 100%|##########| 1/1 [00:00<00:00,  2.26it/s]
Detecting bboxes: 100%|##########| 1/1 [00:00<00:00,  2.26it/s]

Recognizing Text:   0%|          | 0/45 [00:00<?, ?it/s]
Recognizing Text:   2%|2         | 1/45 [00:18<13:22, 18.24s/it]
Recognizing Text:   7%|6         | 3/45 [00:19<03:44,  5.35s/it]
Recognizing Text:   9%|8         | 4/45 [00:24<03:35,  5.26s/it]
Recognizing Text:  11%|#1        | 5/45 [00:26<02:42,  4.07s/it]
Recognizing Text:  20%|##        | 9/45 [00:31<01:20,  2.23s/it]
Recognizing Text:  22%|##2       | 10/45 [00:38<01:48,  3.10s/it]
Recognizing Text:  24%|##4       | 11/45 [00:40<01:35,  2.80s/it]
Recognizing Text:  29%|##8       | 13/45 [00:43<01:16,  2.38s/it]
Recognizing Text:  49%|####8     | 22/45 [00:45<00:18,  1.21it/s]
Recognizing Text:  51%|#####1    | 23/45 [00:46<00:20,  1.10it/s]
Recognizing Text:  56%|#####5    | 25/45 [00:48<00:17,  1.12it/s]
Recognizing Text:  60%|######    | 27/45 [00:51<00:19,  1.09s/it]
Recognizing Text:  62%|######2   | 28/45 [01:00<00:37,  2.18s/it]
Recognizing Text:  64%|######4   | 29/45 [01:04<00:38,  2.42s/it]
Recognizing Text:  69%|######8   | 31/45 [01:17<00:54,  3.87s/it]
Recognizing Text:  76%|#######5  | 34/45 [01:19<00:27,  2.51s/it]
Recognizing Text:  78%|#######7  | 35/45 [01:21<00:23,  2.38s/it]
Recognizing Text:  80%|########  | 36/45 [01:22<00:20,  2.25s/it]
Recognizing Text:  82%|########2 | 37/45 [01:24<00:16,  2.12s/it]
Recognizing Text:  84%|########4 | 38/45 [01:42<00:40,  5.78s/it]
Recognizing Text:  87%|########6 | 39/45 [02:05<01:01, 10.28s/it]
Recognizing Text:  89%|########8 | 40/45 [02:34<01:15, 15.16s/it]
Recognizing Text:  91%|#########1| 41/45 [02:44<00:55, 13.82s/it]
Recognizing Text:  93%|#########3| 42/45 [03:34<01:11, 23.87s/it]
Recognizing Text:  96%|#########5| 43/45 [03:55<00:46, 23.09s/it]
Recognizing Text:  98%|#########7| 44/45 [04:14<00:21, 21.85s/it]
Recognizing Text: 100%|##########| 45/45 [05:19<00:00, 34.38s/it]
Recognizing Text: 100%|##########| 45/45 [05:19<00:00,  7.09s/it]
2025-11-14 13:10:01,118 [INFO] marker: Saved markdown to src\data\markdown\page_166
2025-11-14 13:10:01,118 [INFO] marker: Total time: 322.2970681190491
