Command return code: 0
=== STDOUT ===
(empty)

=== STDERR ===

Recognizing Layout:   0%|          | 0/1 [00:00<?, ?it/s]
Recognizing Layout: 100%|##########| 1/1 [00:01<00:00,  1.03s/it]
Recognizing Layout: 100%|##########| 1/1 [00:01<00:00,  1.03s/it]

Running OCR Error Detection:   0%|          | 0/1 [00:00<?, ?it/s]
Running OCR Error Detection: 100%|##########| 1/1 [00:00<00:00, 18.89it/s]

Detecting bboxes:   0%|          | 0/1 [00:00<?, ?it/s]
Detecting bboxes: 100%|##########| 1/1 [00:00<00:00,  5.46it/s]
Detecting bboxes: 100%|##########| 1/1 [00:00<00:00,  5.43it/s]

Recognizing Text:   0%|          | 0/2 [00:00<?, ?it/s]
Recognizing Text:  50%|#####     | 1/2 [00:00<00:00,  6.94it/s]
Recognizing Text: 100%|##########| 2/2 [00:00<00:00,  3.81it/s]
Recognizing Text: 100%|##########| 2/2 [00:00<00:00,  4.07it/s]

Recognizing tables:   0%|          | 0/1 [00:00<?, ?it/s]
Recognizing tables: 100%|##########| 1/1 [00:00<00:00,  2.64it/s]
Recognizing tables: 100%|##########| 1/1 [00:00<00:00,  2.64it/s]

Detecting bboxes:   0%|          | 0/1 [00:00<?, ?it/s]
Detecting bboxes: 100%|##########| 1/1 [00:00<00:00,  2.29it/s]
Detecting bboxes: 100%|##########| 1/1 [00:00<00:00,  2.29it/s]

Recognizing Text:   0%|          | 0/64 [00:00<?, ?it/s]
Recognizing Text:   2%|1         | 1/64 [00:19<20:43, 19.74s/it]
Recognizing Text:  20%|##        | 13/64 [00:25<01:18,  1.53s/it]
Recognizing Text:  23%|##3       | 15/64 [00:27<01:09,  1.41s/it]
Recognizing Text:  25%|##5       | 16/64 [00:30<01:18,  1.64s/it]
Recognizing Text:  50%|#####     | 32/64 [00:34<00:19,  1.64it/s]
Recognizing Text:  64%|######4   | 41/64 [00:37<00:12,  1.90it/s]
Recognizing Text:  66%|######5   | 42/64 [00:40<00:15,  1.46it/s]
Recognizing Text:  72%|#######1  | 46/64 [00:46<00:14,  1.20it/s]
Recognizing Text:  73%|#######3  | 47/64 [00:47<00:15,  1.11it/s]
Recognizing Text:  77%|#######6  | 49/64 [00:54<00:20,  1.37s/it]
Recognizing Text:  78%|#######8  | 50/64 [00:59<00:25,  1.81s/it]
Recognizing Text:  81%|########1 | 52/64 [01:01<00:18,  1.57s/it]
Recognizing Text:  83%|########2 | 53/64 [01:11<00:31,  2.89s/it]
Recognizing Text:  84%|########4 | 54/64 [01:36<01:06,  6.68s/it]
Recognizing Text:  86%|########5 | 55/64 [01:39<00:54,  6.03s/it]
Recognizing Text:  88%|########7 | 56/64 [01:42<00:43,  5.45s/it]
Recognizing Text:  89%|########9 | 57/64 [01:46<00:34,  4.96s/it]
Recognizing Text:  92%|#########2| 59/64 [01:58<00:26,  5.40s/it]
Recognizing Text:  94%|#########3| 60/64 [02:07<00:24,  6.13s/it]
Recognizing Text:  95%|#########5| 61/64 [02:10<00:16,  5.48s/it]
Recognizing Text:  97%|#########6| 62/64 [02:24<00:15,  7.64s/it]
Recognizing Text:  98%|#########8| 63/64 [02:41<00:10, 10.21s/it]
Recognizing Text: 100%|##########| 64/64 [03:00<00:00, 12.62s/it]
Recognizing Text: 100%|##########| 64/64 [03:00<00:00,  2.82s/it]
2025-11-12 15:56:40,642 [INFO] marker: Saved markdown to src\data\markdown\page_162
2025-11-12 15:56:40,642 [INFO] marker: Total time: 183.47336101531982
