Command return code: 0
=== STDOUT ===
(empty)

=== STDERR ===

Recognizing Layout:   0%|          | 0/1 [00:00<?, ?it/s]
Recognizing Layout: 100%|##########| 1/1 [00:00<00:00,  1.00it/s]
Recognizing Layout: 100%|##########| 1/1 [00:00<00:00,  1.00it/s]

Running OCR Error Detection:   0%|          | 0/1 [00:00<?, ?it/s]
Running OCR Error Detection: 100%|##########| 1/1 [00:00<00:00, 23.08it/s]

Detecting bboxes:   0%|          | 0/1 [00:00<?, ?it/s]
Detecting bboxes: 100%|##########| 1/1 [00:00<00:00,  5.76it/s]
Detecting bboxes: 100%|##########| 1/1 [00:00<00:00,  5.76it/s]

Recognizing Text:   0%|          | 0/3 [00:00<?, ?it/s]
Recognizing Text:  33%|###3      | 1/3 [00:00<00:00,  2.36it/s]
Recognizing Text: 100%|##########| 3/3 [00:00<00:00,  6.65it/s]
Recognizing Text: 100%|##########| 3/3 [00:00<00:00,  5.63it/s]

Detecting bboxes: 0it [00:00, ?it/s]
Detecting bboxes: 0it [00:00, ?it/s]
2025-11-12 14:54:20,732 [INFO] marker: Saved markdown to src\data\markdown\page_31
2025-11-12 14:54:20,732 [INFO] marker: Total time: 1.9174087047576904
