Command return code: 0
=== STDOUT ===
(empty)

=== STDERR ===

Recognizing Layout:   0%|          | 0/1 [00:00<?, ?it/s]
Recognizing Layout: 100%|##########| 1/1 [00:01<00:00,  1.34s/it]
Recognizing Layout: 100%|##########| 1/1 [00:01<00:00,  1.34s/it]

Running OCR Error Detection:   0%|          | 0/1 [00:00<?, ?it/s]
Running OCR Error Detection: 100%|##########| 1/1 [00:00<00:00, 10.24it/s]

Detecting bboxes:   0%|          | 0/1 [00:00<?, ?it/s]
Detecting bboxes: 100%|##########| 1/1 [00:00<00:00,  2.95it/s]
Detecting bboxes: 100%|##########| 1/1 [00:00<00:00,  2.95it/s]

Recognizing Text:   0%|          | 0/2 [00:00<?, ?it/s]
Recognizing Text:  50%|#####     | 1/2 [00:00<00:00,  1.54it/s]
Recognizing Text: 100%|##########| 2/2 [00:01<00:00,  1.51it/s]
Recognizing Text: 100%|##########| 2/2 [00:01<00:00,  1.51it/s]

Detecting bboxes: 0it [00:00, ?it/s]
Detecting bboxes: 0it [00:00, ?it/s]
2025-11-12 15:00:35,467 [INFO] marker: Saved markdown to src\data\markdown\page_47
2025-11-12 15:00:35,467 [INFO] marker: Total time: 3.4424490928649902
