Command return code: 0
=== STDOUT ===
(empty)

=== STDERR ===

Recognizing Layout:   0%|          | 0/1 [00:00<?, ?it/s]
Recognizing Layout: 100%|##########| 1/1 [00:12<00:00, 12.93s/it]
Recognizing Layout: 100%|##########| 1/1 [00:12<00:00, 12.93s/it]

Running OCR Error Detection:   0%|          | 0/1 [00:00<?, ?it/s]
Running OCR Error Detection: 100%|##########| 1/1 [00:00<00:00,  6.17it/s]
Running OCR Error Detection: 100%|##########| 1/1 [00:00<00:00,  6.13it/s]

Detecting bboxes:   0%|          | 0/1 [00:00<?, ?it/s]
Detecting bboxes: 100%|##########| 1/1 [00:01<00:00,  1.44s/it]
Detecting bboxes: 100%|##########| 1/1 [00:01<00:00,  1.44s/it]

Recognizing Text:   0%|          | 0/2 [00:00<?, ?it/s]
Recognizing Text:  50%|#####     | 1/2 [00:03<00:03,  3.25s/it]
Recognizing Text: 100%|##########| 2/2 [00:10<00:00,  5.52s/it]
Recognizing Text: 100%|##########| 2/2 [00:10<00:00,  5.18s/it]

Detecting bboxes: 0it [00:00, ?it/s]
Detecting bboxes: 0it [00:00, ?it/s]
2025-11-12 13:03:08,438 [INFO] marker: Saved markdown to src\data\markdown\page_21
2025-11-12 13:03:08,439 [INFO] marker: Total time: 25.199931144714355
