Command return code: 0
=== STDOUT ===
(empty)

=== STDERR ===

Recognizing Layout:   0%|          | 0/1 [00:00<?, ?it/s]
Recognizing Layout: 100%|##########| 1/1 [00:01<00:00,  1.26s/it]
Recognizing Layout: 100%|##########| 1/1 [00:01<00:00,  1.26s/it]

Running OCR Error Detection:   0%|          | 0/1 [00:00<?, ?it/s]
Running OCR Error Detection: 100%|##########| 1/1 [00:00<00:00, 10.36it/s]

Detecting bboxes:   0%|          | 0/1 [00:00<?, ?it/s]
Detecting bboxes: 100%|##########| 1/1 [00:00<00:00,  3.05it/s]
Detecting bboxes: 100%|##########| 1/1 [00:00<00:00,  3.05it/s]

Recognizing Text:   0%|          | 0/2 [00:00<?, ?it/s]
Recognizing Text:  50%|#####     | 1/2 [00:00<00:00,  6.72it/s]
Recognizing Text: 100%|##########| 2/2 [00:00<00:00,  3.85it/s]
Recognizing Text: 100%|##########| 2/2 [00:00<00:00,  4.11it/s]

Recognizing tables:   0%|          | 0/1 [00:00<?, ?it/s]
Recognizing tables: 100%|##########| 1/1 [00:00<00:00,  2.21it/s]
Recognizing tables: 100%|##########| 1/1 [00:00<00:00,  2.21it/s]

Detecting bboxes:   0%|          | 0/1 [00:00<?, ?it/s]
Detecting bboxes: 100%|##########| 1/1 [00:00<00:00,  2.43it/s]
Detecting bboxes: 100%|##########| 1/1 [00:00<00:00,  2.43it/s]

Recognizing Text:   0%|          | 0/68 [00:00<?, ?it/s]
Recognizing Text:   1%|1         | 1/68 [00:08<09:55,  8.88s/it]
Recognizing Text:  19%|#9        | 13/68 [00:12<00:43,  1.25it/s]
Recognizing Text:  21%|##        | 14/68 [00:14<00:48,  1.12it/s]
Recognizing Text:  22%|##2       | 15/68 [00:16<00:53,  1.00s/it]
Recognizing Text:  28%|##7       | 19/68 [00:19<00:46,  1.05it/s]
Recognizing Text:  50%|#####     | 34/68 [00:21<00:13,  2.61it/s]
Recognizing Text:  51%|#####1    | 35/68 [00:23<00:15,  2.14it/s]
Recognizing Text:  59%|#####8    | 40/68 [00:27<00:15,  1.83it/s]
Recognizing Text:  60%|######    | 41/68 [00:30<00:21,  1.26it/s]
Recognizing Text:  71%|#######   | 48/68 [00:32<00:11,  1.81it/s]
Recognizing Text:  72%|#######2  | 49/68 [00:36<00:15,  1.25it/s]
Recognizing Text:  74%|#######3  | 50/68 [00:37<00:16,  1.11it/s]
Recognizing Text:  76%|#######6  | 52/68 [01:09<01:11,  4.44s/it]
Recognizing Text:  81%|########  | 55/68 [01:15<00:46,  3.56s/it]
Recognizing Text:  85%|########5 | 58/68 [01:29<00:39,  3.93s/it]
Recognizing Text:  87%|########6 | 59/68 [01:33<00:35,  3.89s/it]
Recognizing Text:  88%|########8 | 60/68 [01:42<00:37,  4.71s/it]
Recognizing Text:  90%|########9 | 61/68 [01:45<00:31,  4.49s/it]
Recognizing Text:  91%|#########1| 62/68 [01:49<00:25,  4.30s/it]
Recognizing Text:  93%|#########2| 63/68 [01:54<00:22,  4.55s/it]
Recognizing Text:  94%|#########4| 64/68 [02:07<00:26,  6.54s/it]
Recognizing Text:  96%|#########5| 65/68 [02:12<00:18,  6.22s/it]
Recognizing Text:  97%|#########7| 66/68 [02:17<00:11,  5.98s/it]
Recognizing Text:  99%|#########8| 67/68 [02:46<00:12, 12.46s/it]
Recognizing Text: 100%|##########| 68/68 [03:26<00:00, 20.24s/it]
Recognizing Text: 100%|##########| 68/68 [03:26<00:00,  3.04s/it]
2025-11-14 13:00:38,019 [INFO] marker: Saved markdown to src\data\markdown\page_163
2025-11-14 13:00:38,019 [INFO] marker: Total time: 210.25262928009033
