Command return code: 0
=== STDOUT ===
(empty)

=== STDERR ===

Recognizing Layout:   0%|          | 0/1 [00:00<?, ?it/s]
Recognizing Layout: 100%|##########| 1/1 [00:01<00:00,  1.03s/it]
Recognizing Layout: 100%|##########| 1/1 [00:01<00:00,  1.03s/it]

Running OCR Error Detection:   0%|          | 0/1 [00:00<?, ?it/s]
Running OCR Error Detection: 100%|##########| 1/1 [00:00<00:00, 20.40it/s]

Detecting bboxes:   0%|          | 0/1 [00:00<?, ?it/s]
Detecting bboxes: 100%|##########| 1/1 [00:00<00:00,  3.39it/s]
Detecting bboxes: 100%|##########| 1/1 [00:00<00:00,  3.37it/s]

Recognizing Text:   0%|          | 0/2 [00:00<?, ?it/s]
Recognizing Text:  50%|#####     | 1/2 [00:00<00:00,  2.13it/s]
Recognizing Text: 100%|##########| 2/2 [00:01<00:00,  1.92it/s]
Recognizing Text: 100%|##########| 2/2 [00:01<00:00,  1.95it/s]

Detecting bboxes: 0it [00:00, ?it/s]
Detecting bboxes: 0it [00:00, ?it/s]
2025-11-12 15:35:22,330 [INFO] marker: Saved markdown to src\data\markdown\page_147
2025-11-12 15:35:22,330 [INFO] marker: Total time: 2.649653911590576
