Command return code: 0
=== STDOUT ===
(empty)

=== STDERR ===

Recognizing Layout:   0%|          | 0/1 [00:00<?, ?it/s]
Recognizing Layout: 100%|##########| 1/1 [00:01<00:00,  1.38s/it]
Recognizing Layout: 100%|##########| 1/1 [00:01<00:00,  1.38s/it]

Running OCR Error Detection:   0%|          | 0/1 [00:00<?, ?it/s]
Running OCR Error Detection: 100%|##########| 1/1 [00:00<00:00, 22.38it/s]

Detecting bboxes:   0%|          | 0/1 [00:00<?, ?it/s]
Detecting bboxes: 100%|##########| 1/1 [00:00<00:00,  2.58it/s]
Detecting bboxes: 100%|##########| 1/1 [00:00<00:00,  2.58it/s]

Recognizing Text:   0%|          | 0/14 [00:00<?, ?it/s]
Recognizing Text:   7%|7         | 1/14 [00:02<00:29,  2.24s/it]
Recognizing Text:  14%|#4        | 2/14 [00:02<00:15,  1.29s/it]
Recognizing Text:  29%|##8       | 4/14 [00:03<00:07,  1.28it/s]
Recognizing Text:  36%|###5      | 5/14 [00:04<00:05,  1.67it/s]
Recognizing Text:  43%|####2     | 6/14 [00:05<00:05,  1.36it/s]
Recognizing Text:  50%|#####     | 7/14 [00:06<00:06,  1.03it/s]
Recognizing Text:  57%|#####7    | 8/14 [00:06<00:04,  1.39it/s]
Recognizing Text:  64%|######4   | 9/14 [00:07<00:03,  1.61it/s]
Recognizing Text:  71%|#######1  | 10/14 [00:09<00:04,  1.07s/it]
Recognizing Text:  79%|#######8  | 11/14 [00:11<00:04,  1.57s/it]
Recognizing Text:  86%|########5 | 12/14 [00:13<00:03,  1.65s/it]
Recognizing Text:  93%|#########2| 13/14 [00:23<00:04,  4.11s/it]
Recognizing Text: 100%|##########| 14/14 [00:29<00:00,  4.58s/it]
Recognizing Text: 100%|##########| 14/14 [00:29<00:00,  2.09s/it]
D:\WETEC\rag\.venv\Lib\site-packages\joblib\externals\loky\backend\context.py:131: UserWarning: Could not find the number of physical cores for the following reason:
[WinError 2] The system cannot find the file specified
Returning the number of logical cores instead. You can silence this warning by setting LOKY_MAX_CPU_COUNT to the number of cores you want to use.
  warnings.warn(
  File "D:\WETEC\rag\.venv\Lib\site-packages\joblib\externals\loky\backend\context.py", line 247, in _count_physical_cores
    cpu_count_physical = _count_physical_cores_win32()
                         ^^^^^^^^^^^^^^^^^^^^^^^^^^^^^
  File "D:\WETEC\rag\.venv\Lib\site-packages\joblib\externals\loky\backend\context.py", line 299, in _count_physical_cores_win32
    cpu_info = subprocess.run(
               ^^^^^^^^^^^^^^^
  File "C:\Program Files\Python312\Lib\subprocess.py", line 550, in run
    with Popen(*popenargs, **kwargs) as process:
         ^^^^^^^^^^^^^^^^^^^^^^^^^^^
  File "C:\Program Files\Python312\Lib\subprocess.py", line 1028, in __init__
    self._execute_child(args, executable, preexec_fn, close_fds,
  File "C:\Program Files\Python312\Lib\subprocess.py", line 1540, in _execute_child
    hp, ht, pid, tid = _winapi.CreateProcess(executable, args,
                       ^^^^^^^^^^^^^^^^^^^^^^^^^^^^^^^^^^^^^^^

Detecting bboxes: 0it [00:00, ?it/s]
Detecting bboxes: 0it [00:00, ?it/s]
2025-11-12 15:31:28,638 [INFO] marker: Saved markdown to src\data\markdown\page_126
2025-11-12 15:31:28,638 [INFO] marker: Total time: 31.7381649017334
