Command return code: 0
=== STDOUT ===
(empty)

=== STDERR ===

Recognizing Layout:   0%|          | 0/1 [00:00<?, ?it/s]
Recognizing Layout: 100%|##########| 1/1 [00:12<00:00, 12.11s/it]
Recognizing Layout: 100%|##########| 1/1 [00:12<00:00, 12.11s/it]

Running OCR Error Detection:   0%|          | 0/1 [00:00<?, ?it/s]
Running OCR Error Detection: 100%|##########| 1/1 [00:00<00:00,  6.43it/s]
Running OCR Error Detection: 100%|##########| 1/1 [00:00<00:00,  6.43it/s]

Detecting bboxes:   0%|          | 0/1 [00:00<?, ?it/s]
Detecting bboxes: 100%|##########| 1/1 [00:01<00:00,  1.35s/it]
Detecting bboxes: 100%|##########| 1/1 [00:01<00:00,  1.35s/it]

Recognizing Text:   0%|          | 0/2 [00:00<?, ?it/s]
Recognizing Text:  50%|#####     | 1/2 [00:02<00:02,  2.93s/it]
Recognizing Text: 100%|##########| 2/2 [00:09<00:00,  5.33s/it]
Recognizing Text: 100%|##########| 2/2 [00:09<00:00,  4.97s/it]

Detecting bboxes: 0it [00:00, ?it/s]
Detecting bboxes: 0it [00:00, ?it/s]
2025-11-12 10:34:05,081 [INFO] marker: Saved markdown to src\data\markdown\page_21
2025-11-12 10:34:05,081 [INFO] marker: Total time: 23.822580099105835
