Command return code: 0
=== STDOUT ===
(empty)

=== STDERR ===

Recognizing Layout:   0%|          | 0/1 [00:00<?, ?it/s]
Recognizing Layout: 100%|##########| 1/1 [00:01<00:00,  1.60s/it]
Recognizing Layout: 100%|##########| 1/1 [00:01<00:00,  1.61s/it]

Running OCR Error Detection:   0%|          | 0/1 [00:00<?, ?it/s]
Running OCR Error Detection: 100%|##########| 1/1 [00:00<00:00,  8.33it/s]
Running OCR Error Detection: 100%|##########| 1/1 [00:00<00:00,  8.33it/s]

Detecting bboxes:   0%|          | 0/1 [00:00<?, ?it/s]
Detecting bboxes: 100%|##########| 1/1 [00:00<00:00,  2.95it/s]
Detecting bboxes: 100%|##########| 1/1 [00:00<00:00,  2.95it/s]

Recognizing Text:   0%|          | 0/3 [00:00<?, ?it/s]
Recognizing Text:  33%|###3      | 1/3 [00:00<00:00,  5.28it/s]
Recognizing Text:  67%|######6   | 2/3 [00:00<00:00,  3.18it/s]
Recognizing Text: 100%|##########| 3/3 [00:00<00:00,  4.29it/s]
Recognizing Text: 100%|##########| 3/3 [00:00<00:00,  4.12it/s]

Recognizing tables:   0%|          | 0/1 [00:00<?, ?it/s]
Recognizing tables: 100%|##########| 1/1 [00:00<00:00,  3.40it/s]
Recognizing tables: 100%|##########| 1/1 [00:00<00:00,  3.40it/s]

Detecting bboxes:   0%|          | 0/1 [00:00<?, ?it/s]
Detecting bboxes: 100%|##########| 1/1 [00:00<00:00,  2.23it/s]
Detecting bboxes: 100%|##########| 1/1 [00:00<00:00,  2.23it/s]

Recognizing Text:   0%|          | 0/35 [00:00<?, ?it/s]
Recognizing Text:   3%|2         | 1/35 [00:07<04:22,  7.73s/it]
Recognizing Text:  11%|#1        | 4/35 [00:08<00:55,  1.79s/it]
Recognizing Text:  14%|#4        | 5/35 [00:13<01:19,  2.63s/it]
Recognizing Text:  26%|##5       | 9/35 [00:22<00:59,  2.28s/it]
Recognizing Text:  29%|##8       | 10/35 [00:25<01:02,  2.49s/it]
Recognizing Text:  49%|####8     | 17/35 [00:26<00:17,  1.00it/s]
Recognizing Text:  57%|#####7    | 20/35 [00:30<00:15,  1.04s/it]
Recognizing Text:  60%|######    | 21/35 [00:31<00:14,  1.05s/it]
Recognizing Text:  63%|######2   | 22/35 [00:32<00:13,  1.07s/it]
Recognizing Text:  69%|######8   | 24/35 [00:34<00:12,  1.10s/it]
Recognizing Text:  71%|#######1  | 25/35 [00:38<00:15,  1.51s/it]
Recognizing Text:  74%|#######4  | 26/35 [00:42<00:19,  2.12s/it]
Recognizing Text:  77%|#######7  | 27/35 [00:49<00:24,  3.03s/it]
Recognizing Text:  80%|########  | 28/35 [00:52<00:22,  3.20s/it]
Recognizing Text:  83%|########2 | 29/35 [00:55<00:18,  3.03s/it]
Recognizing Text:  86%|########5 | 30/35 [01:17<00:40,  8.02s/it]
Recognizing Text:  89%|########8 | 31/35 [01:28<00:36,  9.04s/it]
Recognizing Text:  91%|#########1| 32/35 [02:58<01:35, 31.94s/it]
Recognizing Text:  94%|#########4| 33/35 [03:17<00:56, 28.08s/it]
Recognizing Text:  97%|#########7| 34/35 [03:33<00:24, 24.55s/it]
Recognizing Text: 100%|##########| 35/35 [03:40<00:00, 19.36s/it]
Recognizing Text: 100%|##########| 35/35 [03:40<00:00,  6.29s/it]
2025-11-14 13:14:01,386 [INFO] marker: Saved markdown to src\data\markdown\page_167
2025-11-14 13:14:01,386 [INFO] marker: Total time: 224.17848825454712
