Command return code: 0
=== STDOUT ===
(empty)

=== STDERR ===

Recognizing Layout:   0%|          | 0/1 [00:00<?, ?it/s]
Recognizing Layout: 100%|##########| 1/1 [00:01<00:00,  1.78s/it]
Recognizing Layout: 100%|##########| 1/1 [00:01<00:00,  1.78s/it]

Running OCR Error Detection:   0%|          | 0/1 [00:00<?, ?it/s]
Running OCR Error Detection: 100%|##########| 1/1 [00:00<00:00, 23.44it/s]

Detecting bboxes: 0it [00:00, ?it/s]
Detecting bboxes: 0it [00:00, ?it/s]
D:\WETEC\rag\.venv\Lib\site-packages\joblib\externals\loky\backend\context.py:131: UserWarning: Could not find the number of physical cores for the following reason:
[WinError 2] The system cannot find the file specified
Returning the number of logical cores instead. You can silence this warning by setting LOKY_MAX_CPU_COUNT to the number of cores you want to use.
  warnings.warn(
  File "D:\WETEC\rag\.venv\Lib\site-packages\joblib\externals\loky\backend\context.py", line 247, in _count_physical_cores
    cpu_count_physical = _count_physical_cores_win32()
                         ^^^^^^^^^^^^^^^^^^^^^^^^^^^^^
  File "D:\WETEC\rag\.venv\Lib\site-packages\joblib\externals\loky\backend\context.py", line 299, in _count_physical_cores_win32
    cpu_info = subprocess.run(
               ^^^^^^^^^^^^^^^
  File "C:\Program Files\Python312\Lib\subprocess.py", line 550, in run
    with Popen(*popenargs, **kwargs) as process:
         ^^^^^^^^^^^^^^^^^^^^^^^^^^^
  File "C:\Program Files\Python312\Lib\subprocess.py", line 1028, in __init__
    self._execute_child(args, executable, preexec_fn, close_fds,
  File "C:\Program Files\Python312\Lib\subprocess.py", line 1540, in _execute_child
    hp, ht, pid, tid = _winapi.CreateProcess(executable, args,
                       ^^^^^^^^^^^^^^^^^^^^^^^^^^^^^^^^^^^^^^^

Detecting bboxes: 0it [00:00, ?it/s]
Detecting bboxes: 0it [00:00, ?it/s]
2025-11-12 14:56:23,512 [INFO] marker: Saved markdown to src\data\markdown\page_43
2025-11-12 14:56:23,512 [INFO] marker: Total time: 2.143008232116699
