Command return code: 0
=== STDOUT ===
(empty)

=== STDERR ===

Recognizing Layout:   0%|          | 0/1 [00:00<?, ?it/s]
Recognizing Layout: 100%|##########| 1/1 [00:13<00:00, 13.43s/it]
Recognizing Layout: 100%|##########| 1/1 [00:13<00:00, 13.43s/it]

Running OCR Error Detection:   0%|          | 0/1 [00:00<?, ?it/s]
Running OCR Error Detection: 100%|##########| 1/1 [00:00<00:00, 39.16it/s]

Detecting bboxes:   0%|          | 0/1 [00:00<?, ?it/s]
Detecting bboxes: 100%|##########| 1/1 [00:01<00:00,  1.52s/it]
Detecting bboxes: 100%|##########| 1/1 [00:01<00:00,  1.52s/it]

Recognizing Text:   0%|          | 0/2 [00:00<?, ?it/s]
Recognizing Text:  50%|#####     | 1/2 [00:05<00:05,  5.75s/it]
Recognizing Text: 100%|##########| 2/2 [00:06<00:00,  2.93s/it]
Recognizing Text: 100%|##########| 2/2 [00:06<00:00,  3.36s/it]

Detecting bboxes: 0it [00:00, ?it/s]
Detecting bboxes: 0it [00:00, ?it/s]
2025-11-12 12:59:43,681 [INFO] marker: Saved markdown to src\data\markdown\page_14
2025-11-12 12:59:43,681 [INFO] marker: Total time: 22.11445641517639
