Command return code: 0
=== STDOUT ===
(empty)

=== STDERR ===

Recognizing Layout:   0%|          | 0/1 [00:00<?, ?it/s]
Recognizing Layout: 100%|##########| 1/1 [00:01<00:00,  1.13s/it]
Recognizing Layout: 100%|##########| 1/1 [00:01<00:00,  1.13s/it]

Running OCR Error Detection:   0%|          | 0/1 [00:00<?, ?it/s]
Running OCR Error Detection: 100%|##########| 1/1 [00:00<00:00, 17.42it/s]

Detecting bboxes:   0%|          | 0/1 [00:00<?, ?it/s]
Detecting bboxes: 100%|##########| 1/1 [00:00<00:00,  4.25it/s]
Detecting bboxes: 100%|##########| 1/1 [00:00<00:00,  4.25it/s]

Recognizing Text:   0%|          | 0/18 [00:00<?, ?it/s]
Recognizing Text:   6%|5         | 1/18 [00:01<00:20,  1.21s/it]
Recognizing Text:  11%|#1        | 2/18 [00:01<00:10,  1.57it/s]
Recognizing Text:  17%|#6        | 3/18 [00:01<00:06,  2.34it/s]
Recognizing Text:  39%|###8      | 7/18 [00:01<00:01,  7.12it/s]
Recognizing Text:  50%|#####     | 9/18 [00:02<00:01,  4.51it/s]
Recognizing Text:  61%|######1   | 11/18 [00:02<00:01,  5.34it/s]
Recognizing Text:  72%|#######2  | 13/18 [00:02<00:00,  6.06it/s]
Recognizing Text:  78%|#######7  | 14/18 [00:03<00:00,  5.29it/s]
Recognizing Text:  89%|########8 | 16/18 [00:03<00:00,  6.47it/s]
Recognizing Text:  94%|#########4| 17/18 [00:03<00:00,  5.14it/s]
Recognizing Text: 100%|##########| 18/18 [00:22<00:00,  4.20s/it]
Recognizing Text: 100%|##########| 18/18 [00:22<00:00,  1.23s/it]

Recognizing tables:   0%|          | 0/1 [00:00<?, ?it/s]
Recognizing tables: 100%|##########| 1/1 [00:00<00:00,  2.40it/s]
Recognizing tables: 100%|##########| 1/1 [00:00<00:00,  2.40it/s]

Detecting bboxes:   0%|          | 0/1 [00:00<?, ?it/s]
Detecting bboxes: 100%|##########| 1/1 [00:00<00:00,  6.05it/s]
Detecting bboxes: 100%|##########| 1/1 [00:00<00:00,  6.05it/s]

Recognizing Text:   0%|          | 0/122 [00:00<?, ?it/s]
Recognizing Text:   1%|          | 1/122 [00:00<01:58,  1.02it/s]
Recognizing Text:   3%|3         | 4/122 [00:04<02:06,  1.07s/it]
Recognizing Text:  15%|#4        | 18/122 [00:07<00:37,  2.74it/s]
Recognizing Text:  30%|##9       | 36/122 [00:07<00:12,  6.64it/s]
Recognizing Text:  34%|###3      | 41/122 [00:09<00:14,  5.51it/s]
Recognizing Text:  36%|###6      | 44/122 [00:10<00:17,  4.39it/s]
Recognizing Text:  45%|####5     | 55/122 [00:11<00:09,  7.17it/s]
Recognizing Text:  48%|####7     | 58/122 [00:14<00:17,  3.73it/s]
Recognizing Text:  61%|######    | 74/122 [00:14<00:06,  7.32it/s]
Recognizing Text:  64%|######3   | 78/122 [00:17<00:10,  4.23it/s]
Recognizing Text:  80%|#######9  | 97/122 [00:19<00:03,  6.37it/s]
Recognizing Text:  81%|########1 | 99/122 [00:20<00:04,  5.00it/s]
Recognizing Text:  84%|########3 | 102/122 [00:25<00:07,  2.65it/s]
Recognizing Text:  86%|########6 | 105/122 [00:26<00:06,  2.51it/s]
Recognizing Text:  87%|########6 | 106/122 [00:28<00:07,  2.09it/s]
Recognizing Text:  94%|#########4| 115/122 [00:29<00:02,  3.03it/s]
Recognizing Text:  96%|#########5| 117/122 [00:32<00:02,  2.06it/s]
Recognizing Text:  99%|#########9| 121/122 [00:34<00:00,  2.19it/s]
Recognizing Text: 100%|##########| 122/122 [00:38<00:00,  1.21it/s]
Recognizing Text: 100%|##########| 122/122 [00:38<00:00,  3.14it/s]
2025-11-12 14:53:29,187 [INFO] marker: Saved markdown to src\data\markdown\page_26
2025-11-12 14:53:29,187 [INFO] marker: Total time: 63.56445860862732
